Build started 23.05.2014 02:04:31.
     1>Project "C:\Users\GS1905\Documents\Visual Studio 2012\Projects\AmiralBatti\AmiralBatti\AmiralBatti.vcxproj" on node 2 (Build target(s)).
     1>ClCompile:
         C:\Program Files\Microsoft Visual Studio 11.0\VC\bin\CL.exe /c /ZI /nologo /W3 /WX- /sdl /Od /Oy- /D "WIN32" /D _DEBUG /D _CONSOLE /D "_UNICODE" /D "UNICODE" /Gm /EHsc /RTC1 /MDd /GS- /fp:precise /Zc:wchar_t /Zc:forScope /Yu"stdafx.h" /Fp"Debug\AmiralBatti.pch" /Fo"Debug\\" /Fd"Debug\vc110.pdb" /Gd /TP /analyze- /errorReport:prompt AmiralBatti.cpp
     1>cl : Command line warning D9025: overriding '/sdl' with '/GS-'
         AmiralBatti.cpp
     1>c:\users\gs1905\documents\visual studio 2012\projects\amiralbatti\amiralbatti\amiralbatti.cpp(41): warning C4996: 'fopen': This function or variable may be unsafe. Consider using fopen_s instead. To disable deprecation, use _CRT_SECURE_NO_WARNINGS. See online help for details.
                 c:\program files\microsoft visual studio 11.0\vc\include\stdio.h(218) : see declaration of 'fopen'
     1>c:\users\gs1905\documents\visual studio 2012\projects\amiralbatti\amiralbatti\amiralbatti.cpp(107): warning C4996: 'fopen': This function or variable may be unsafe. Consider using fopen_s instead. To disable deprecation, use _CRT_SECURE_NO_WARNINGS. See online help for details.
                 c:\program files\microsoft visual studio 11.0\vc\include\stdio.h(218) : see declaration of 'fopen'
     1>c:\users\gs1905\documents\visual studio 2012\projects\amiralbatti\amiralbatti\amiralbatti.cpp(114): warning C4996: 'fscanf': This function or variable may be unsafe. Consider using fscanf_s instead. To disable deprecation, use _CRT_SECURE_NO_WARNINGS. See online help for details.
                 c:\program files\microsoft visual studio 11.0\vc\include\stdio.h(237) : see declaration of 'fscanf'
     1>c:\users\gs1905\documents\visual studio 2012\projects\amiralbatti\amiralbatti\amiralbatti.cpp(115): warning C4996: 'fscanf': This function or variable may be unsafe. Consider using fscanf_s instead. To disable deprecation, use _CRT_SECURE_NO_WARNINGS. See online help for details.
                 c:\program files\microsoft visual studio 11.0\vc\include\stdio.h(237) : see declaration of 'fscanf'
     1>c:\users\gs1905\documents\visual studio 2012\projects\amiralbatti\amiralbatti\amiralbatti.cpp(119): warning C4996: 'fscanf': This function or variable may be unsafe. Consider using fscanf_s instead. To disable deprecation, use _CRT_SECURE_NO_WARNINGS. See online help for details.
                 c:\program files\microsoft visual studio 11.0\vc\include\stdio.h(237) : see declaration of 'fscanf'
     1>c:\users\gs1905\documents\visual studio 2012\projects\amiralbatti\amiralbatti\amiralbatti.cpp(120): warning C4996: 'fscanf': This function or variable may be unsafe. Consider using fscanf_s instead. To disable deprecation, use _CRT_SECURE_NO_WARNINGS. See online help for details.
                 c:\program files\microsoft visual studio 11.0\vc\include\stdio.h(237) : see declaration of 'fscanf'
     1>c:\users\gs1905\documents\visual studio 2012\projects\amiralbatti\amiralbatti\amiralbatti.cpp(122): warning C4996: 'fscanf': This function or variable may be unsafe. Consider using fscanf_s instead. To disable deprecation, use _CRT_SECURE_NO_WARNINGS. See online help for details.
                 c:\program files\microsoft visual studio 11.0\vc\include\stdio.h(237) : see declaration of 'fscanf'
     1>c:\users\gs1905\documents\visual studio 2012\projects\amiralbatti\amiralbatti\amiralbatti.cpp(126): warning C4996: 'fscanf': This function or variable may be unsafe. Consider using fscanf_s instead. To disable deprecation, use _CRT_SECURE_NO_WARNINGS. See online help for details.
                 c:\program files\microsoft visual studio 11.0\vc\include\stdio.h(237) : see declaration of 'fscanf'
     1>c:\users\gs1905\documents\visual studio 2012\projects\amiralbatti\amiralbatti\amiralbatti.cpp(127): warning C4996: 'fscanf': This function or variable may be unsafe. Consider using fscanf_s instead. To disable deprecation, use _CRT_SECURE_NO_WARNINGS. See online help for details.
                 c:\program files\microsoft visual studio 11.0\vc\include\stdio.h(237) : see declaration of 'fscanf'
     1>c:\users\gs1905\documents\visual studio 2012\projects\amiralbatti\amiralbatti\amiralbatti.cpp(129): warning C4996: 'fscanf': This function or variable may be unsafe. Consider using fscanf_s instead. To disable deprecation, use _CRT_SECURE_NO_WARNINGS. See online help for details.
                 c:\program files\microsoft visual studio 11.0\vc\include\stdio.h(237) : see declaration of 'fscanf'
     1>c:\users\gs1905\documents\visual studio 2012\projects\amiralbatti\amiralbatti\amiralbatti.cpp(133): warning C4996: 'fscanf': This function or variable may be unsafe. Consider using fscanf_s instead. To disable deprecation, use _CRT_SECURE_NO_WARNINGS. See online help for details.
                 c:\program files\microsoft visual studio 11.0\vc\include\stdio.h(237) : see declaration of 'fscanf'
     1>c:\users\gs1905\documents\visual studio 2012\projects\amiralbatti\amiralbatti\amiralbatti.cpp(134): warning C4996: 'fscanf': This function or variable may be unsafe. Consider using fscanf_s instead. To disable deprecation, use _CRT_SECURE_NO_WARNINGS. See online help for details.
                 c:\program files\microsoft visual studio 11.0\vc\include\stdio.h(237) : see declaration of 'fscanf'
     1>c:\users\gs1905\documents\visual studio 2012\projects\amiralbatti\amiralbatti\amiralbatti.cpp(136): warning C4996: 'fscanf': This function or variable may be unsafe. Consider using fscanf_s instead. To disable deprecation, use _CRT_SECURE_NO_WARNINGS. See online help for details.
                 c:\program files\microsoft visual studio 11.0\vc\include\stdio.h(237) : see declaration of 'fscanf'
     1>c:\users\gs1905\documents\visual studio 2012\projects\amiralbatti\amiralbatti\amiralbatti.cpp(140): warning C4996: 'fscanf': This function or variable may be unsafe. Consider using fscanf_s instead. To disable deprecation, use _CRT_SECURE_NO_WARNINGS. See online help for details.
                 c:\program files\microsoft visual studio 11.0\vc\include\stdio.h(237) : see declaration of 'fscanf'
     1>c:\users\gs1905\documents\visual studio 2012\projects\amiralbatti\amiralbatti\amiralbatti.cpp(141): warning C4996: 'fscanf': This function or variable may be unsafe. Consider using fscanf_s instead. To disable deprecation, use _CRT_SECURE_NO_WARNINGS. See online help for details.
                 c:\program files\microsoft visual studio 11.0\vc\include\stdio.h(237) : see declaration of 'fscanf'
     1>c:\users\gs1905\documents\visual studio 2012\projects\amiralbatti\amiralbatti\amiralbatti.cpp(146): warning C4996: 'fscanf': This function or variable may be unsafe. Consider using fscanf_s instead. To disable deprecation, use _CRT_SECURE_NO_WARNINGS. See online help for details.
                 c:\program files\microsoft visual studio 11.0\vc\include\stdio.h(237) : see declaration of 'fscanf'
     1>c:\users\gs1905\documents\visual studio 2012\projects\amiralbatti\amiralbatti\amiralbatti.cpp(148): warning C4996: 'fscanf': This function or variable may be unsafe. Consider using fscanf_s instead. To disable deprecation, use _CRT_SECURE_NO_WARNINGS. See online help for details.
                 c:\program files\microsoft visual studio 11.0\vc\include\stdio.h(237) : see declaration of 'fscanf'
     1>c:\users\gs1905\documents\visual studio 2012\projects\amiralbatti\amiralbatti\amiralbatti.cpp(154): warning C4996: 'fscanf': This function or variable may be unsafe. Consider using fscanf_s instead. To disable deprecation, use _CRT_SECURE_NO_WARNINGS. See online help for details.
                 c:\program files\microsoft visual studio 11.0\vc\include\stdio.h(237) : see declaration of 'fscanf'
     1>c:\users\gs1905\documents\visual studio 2012\projects\amiralbatti\amiralbatti\amiralbatti.cpp(156): warning C4996: 'fscanf': This function or variable may be unsafe. Consider using fscanf_s instead. To disable deprecation, use _CRT_SECURE_NO_WARNINGS. See online help for details.
                 c:\program files\microsoft visual studio 11.0\vc\include\stdio.h(237) : see declaration of 'fscanf'
     1>c:\users\gs1905\documents\visual studio 2012\projects\amiralbatti\amiralbatti\amiralbatti.cpp(100): warning C4101: 'deneme' : unreferenced local variable
     1>c:\users\gs1905\documents\visual studio 2012\projects\amiralbatti\amiralbatti\amiralbatti.cpp(806): warning C4996: 'fopen': This function or variable may be unsafe. Consider using fopen_s instead. To disable deprecation, use _CRT_SECURE_NO_WARNINGS. See online help for details.
                 c:\program files\microsoft visual studio 11.0\vc\include\stdio.h(218) : see declaration of 'fopen'
     1>c:\users\gs1905\documents\visual studio 2012\projects\amiralbatti\amiralbatti\amiralbatti.cpp(811): warning C4996: 'fscanf': This function or variable may be unsafe. Consider using fscanf_s instead. To disable deprecation, use _CRT_SECURE_NO_WARNINGS. See online help for details.
                 c:\program files\microsoft visual studio 11.0\vc\include\stdio.h(237) : see declaration of 'fscanf'
     1>c:\users\gs1905\documents\visual studio 2012\projects\amiralbatti\amiralbatti\amiralbatti.cpp(827): warning C4996: 'fopen': This function or variable may be unsafe. Consider using fopen_s instead. To disable deprecation, use _CRT_SECURE_NO_WARNINGS. See online help for details.
                 c:\program files\microsoft visual studio 11.0\vc\include\stdio.h(218) : see declaration of 'fopen'
     1>c:\users\gs1905\documents\visual studio 2012\projects\amiralbatti\amiralbatti\amiralbatti.cpp(871): warning C4996: 'fopen': This function or variable may be unsafe. Consider using fopen_s instead. To disable deprecation, use _CRT_SECURE_NO_WARNINGS. See online help for details.
                 c:\program files\microsoft visual studio 11.0\vc\include\stdio.h(218) : see declaration of 'fopen'
     1>c:\users\gs1905\documents\visual studio 2012\projects\amiralbatti\amiralbatti\amiralbatti.cpp(880): warning C4996: 'fscanf': This function or variable may be unsafe. Consider using fscanf_s instead. To disable deprecation, use _CRT_SECURE_NO_WARNINGS. See online help for details.
                 c:\program files\microsoft visual studio 11.0\vc\include\stdio.h(237) : see declaration of 'fscanf'
     1>c:\users\gs1905\documents\visual studio 2012\projects\amiralbatti\amiralbatti\amiralbatti.cpp(895): warning C4309: 'initializing' : truncation of constant value
     1>c:\users\gs1905\documents\visual studio 2012\projects\amiralbatti\amiralbatti\amiralbatti.cpp(969): warning C4244: 'argument' : conversion from 'time_t' to 'unsigned int', possible loss of data
     1>c:\users\gs1905\documents\visual studio 2012\projects\amiralbatti\amiralbatti\amiralbatti.cpp(973): warning C4101: 'secim' : unreferenced local variable
       Link:
         C:\Program Files\Microsoft Visual Studio 11.0\VC\bin\link.exe /ERRORREPORT:PROMPT /OUT:"C:\Users\GS1905\Documents\Visual Studio 2012\Projects\AmiralBatti\Debug\AmiralBatti.exe" /INCREMENTAL /NOLOGO kernel32.lib user32.lib gdi32.lib winspool.lib comdlg32.lib advapi32.lib shell32.lib ole32.lib oleaut32.lib uuid.lib odbc32.lib odbccp32.lib /MANIFEST /MANIFESTUAC:"level='asInvoker' uiAccess='false'" /manifest:embed /DEBUG /PDB:"C:\Users\GS1905\Documents\Visual Studio 2012\Projects\AmiralBatti\Debug\AmiralBatti.pdb" /SUBSYSTEM:CONSOLE /TLBID:1 /DYNAMICBASE /NXCOMPAT /IMPLIB:"C:\Users\GS1905\Documents\Visual Studio 2012\Projects\AmiralBatti\Debug\AmiralBatti.lib" /MACHINE:X86 Debug\AmiralBatti.obj
         Debug\stdafx.obj
         AmiralBatti.vcxproj -> C:\Users\GS1905\Documents\Visual Studio 2012\Projects\AmiralBatti\Debug\AmiralBatti.exe
     1>Done Building Project "C:\Users\GS1905\Documents\Visual Studio 2012\Projects\AmiralBatti\AmiralBatti\AmiralBatti.vcxproj" (Build target(s)).

Build succeeded.

Time Elapsed 00:00:03.78
